0 info it worked if it ends with ok
1 verbose cli [ '/usr/local/bin/node', '/usr/local/bin/npm', 'publish' ]
2 info using npm@3.10.10
3 info using node@v6.10.2
4 verbose publish [ '.' ]
5 silly cache add args [ '.', null ]
6 verbose cache add spec .
7 silly cache add parsed spec Result {
7 silly cache add   raw: '.',
7 silly cache add   scope: null,
7 silly cache add   escapedName: null,
7 silly cache add   name: null,
7 silly cache add   rawSpec: '.',
7 silly cache add   spec: '/Users/israelflores/Documents/twitch-irc',
7 silly cache add   type: 'directory' }
8 verbose addLocalDirectory /Users/israelflores/.npm/twitch-irc/1.0.0/package.tgz not in flight; packing
9 verbose correctMkdir /Users/israelflores/.npm correctMkdir not in flight; initializing
10 info lifecycle twitch-irc@1.0.0~prepublish: twitch-irc@1.0.0
11 silly lifecycle twitch-irc@1.0.0~prepublish: no script for prepublish, continuing
12 verbose tar pack [ '/Users/israelflores/.npm/twitch-irc/1.0.0/package.tgz',
12 verbose tar pack   '/Users/israelflores/Documents/twitch-irc' ]
13 verbose tarball /Users/israelflores/.npm/twitch-irc/1.0.0/package.tgz
14 verbose folder /Users/israelflores/Documents/twitch-irc
15 verbose addLocalTarball adding from inside cache /Users/israelflores/.npm/twitch-irc/1.0.0/package.tgz
16 verbose correctMkdir /Users/israelflores/.npm correctMkdir not in flight; initializing
17 silly cache afterAdd twitch-irc@1.0.0
18 verbose afterAdd /Users/israelflores/.npm/twitch-irc/1.0.0/package/package.json not in flight; writing
19 verbose correctMkdir /Users/israelflores/.npm correctMkdir not in flight; initializing
20 verbose afterAdd /Users/israelflores/.npm/twitch-irc/1.0.0/package/package.json written
21 silly publish { name: 'twitch-irc',
21 silly publish   version: '1.0.0',
21 silly publish   description: 'IRC library specifically for Twitch.tv',
21 silly publish   main: 'build/irc.js',
21 silly publish   scripts:
21 silly publish    { build: 'babel src --out-dir build --ignore clone.js',
21 silly publish      dev: 'babel src --watch --out-dir build --ignore clone.js',
21 silly publish      test: 'echo "Error: no test specified" && exit 1' },
21 silly publish   repository:
21 silly publish    { type: 'git',
21 silly publish      url: 'git+https://github.com/idflores/twitch-irc.git' },
21 silly publish   author:
21 silly publish    { name: 'Israel Flores',
21 silly publish      email: 'idflorespro@gmail.com',
21 silly publish      url: 'https://github.com/idflores' },
21 silly publish   license: 'GPL-3.0',
21 silly publish   bugs: { url: 'https://github.com/idflores/twitch-irc/issues' },
21 silly publish   homepage: 'https://github.com/idflores/twitch-irc#readme',
21 silly publish   devDependencies:
21 silly publish    { 'babel-cli': '^6.24.1',
21 silly publish      'babel-core': '^6.24.1',
21 silly publish      'babel-preset-env': '^1.4.0',
21 silly publish      babili: '0.0.12' },
21 silly publish   readme: '<h1 align="center">Twitch IRC</h1>\n\n<h2 align="center">Motivation</h2>\n\nTwitch-IRC aims to be a simple & lightweight IRC package. I\'ve been developing a [Twitch chat bot](https://github.com/idflores/the-hunter) for a streamer that I mod. The popular IRC package available from `npm` (not naming any names...), although excellent, I found difficult to work with.\n\nSpecifically, I needed a package that would work well with [`webpack`](https://github.com/webpack/webpack) and [`webpack-dev-server`](https://github.com/webpack/webpack-dev-server). The dependency of the popular `npm` IRC package on `node-gyp` and `iconv` made it very difficult to integrate with my project.\n\nThere was one more alternative (again, not naming any names...). But, I *personally* found it to be poorly written, and it didn\'t seem to have robust console logging like the popular `npm` IRC project did.\n\nWhile there may be other options, I chose to make my own [Twitch.tv](https://www.twitch.tv) dedicated IRC package that I could share with all of you!\n\nTo stay modular, this package will have **no** dependencies except for [`node.js`](https://nodejs.org/en/). That way, we can apply this package `webpack`, Twitch bots, and many other `node.js` projects.\n\nIn addition, this package aims only to provide communication between Twitch servers and your application following the "Chat and IRC" development guidelines listed on [dev.twitch.tv](https://dev.twitch.tv/docs/v5/guides/irc/). No automatic twitch commands or similar will be implemented here. That\'s a job for your bot ;)\n\nIt should also be said, again, that this IRC package is meant specifically for [Twitch.tv](https://www.twitch.tv) using the [IRC Protocol (RCF1459)](https://tools.ietf.org/html/rfc1459.html) as defined by the [Twitch Development Site](https://dev.twitch.tv/docs/v5/guides/irc/). If you try to use this package for other IRC applications, *you do so at your own risk*. You\'ve been warned. :P\n\n<h2 align="center">Install <sub>(under construction)</sub></h2>\n\n```bash\nnpm install --save twitch-irc\n```\n\n<h2 align="center">Usage</h2>\n\n### Connect to Twitch\n\n```JavaScript\nvar myChatBot = new IRC(oauth, username);\n/*\n Example:\n var myChatBot = new IRC(\'oauth:example23ewuojv309ujfexample\', \'myusername\');\n*/\n```\n*Note: You can get your `oauth` key here: [Twitch Authentication Docs](https://dev.twitch.tv/docs/v5/guides/authentication/)*\n\n### Join a Channel\n\n```JavaScript\nmyChatBot.join(channel);\n```\n*Note: Twitch-IRC supports joining multiple channels concurrently*\n\n### Send a Chat Message\n\n```JavaScript\nmyChatBot.chat(message, channel);\n\n/*\n  DEFAULT: channel = null\n    if channel is omitted, chat() will default to the last channel joined\n*/\nmyChatBot.chat(message);\n```\n\n### List Joined channels\n\n```JavaScript\n/*\n  returns a list of joined channels & outputs them to the console\n*/\nvar myChannels = myChatBot.getChannels()\n```\n\n### Leave a Channel\n\n```JavaScript\nmyChatBot.leave(channel);\n\n/*\n  DEFAULT: channel = null\n    if channel is omitted, leave() will default to the last channel joined\n*/\nmyChatBot.leave();\n```\n\n### Get *Live* Chat Messages\n\n```JavaScript\nmyChatBot.chatEvents.addListener(\'message\', function(channel, from, message){\n\n  /* your code here\n\n      *channel*  String of the current channel\n      *from*     String of the sending username\n      *message*  String of the chat message received\n\n     your code here */\n\n});\n```\n\n### Chat Message History\n\nWhen called outputs a chat history to the console and returns the chat history as an array.\n\nIf set to `true`, `Verbose` will return & output **all** `Msg` objects received from the server.\n\nIf `false` or omitted, will return a `String` array of only chat history (or Twitch PRIVMSGs)\n\n```JavaScript\nvar myHistory = myChatBot.getChatHistory(verbose)\n\n/*\n  DEFAULT: verbose = false\n    if verbose is omitted, getChatHistory() will default to only Twitch PRIVMSGs\n*/\nvar myHistory = myChatBot.getChatHistory()\n```\n\n<!-- <h2 align="center">Contributions</h2>\n\nThe beauty of the open source community is that others can contribute works such as this.\n\nI do have a few rules, however:\n\n+ **All** code must be commented. If you pull request uncommented code, it\'s automatically turned down :( -->\n\n<h2 align="center">Development Notes</h2>\n\n### File Structure & Design\n\n`/build` is the compiled and minified JavaScript library for general use.\n\n`/src` is the main development library. It\'s written in [Babel](https://babeljs.io) and is *not* included in `npm install`.\n\nI spent a lot of time commenting my code well. If you have any questions, **please** check the code comments in `/src` before you post an issue <3\n\n### Commands\n\n```bash\nnpm run dev\n```\n\n`dev` command configured in `package.json` to "hot" compile all `/lib` directory [Babel](https://babeljs.io) files to the `/build` directory when changes are made and saved\n\n```bash\nnpm run build\n```\n\n`build` command configured in `package.json` to compile the `/lib` directory to `/build` **without** "hot" compiling\n\n### Development Environment <sub>6 May 2017</sub>\n\n+ [Atom.io](https://atom.io) v1.16.0\n+ [Babel](https://babeljs.io)\n  + [bable-cli](https://github.com/babel/babel/tree/master/packages/babel-cli) v6.24.1\n  + [babel-core](https://github.com/babel/babel/tree/master/packages/babel-core) v6.24.1\n  + [babel-preset-env](https://github.com/babel/babel-preset-env) v1.4.0\n+ [Node.js](https://nodejs.org) v6.10.2\n\n<h2 align="center">Future Development</h2>\n\n### Version 2.0\n\n+ [ ] Support [Twitch-Specific IRC Capabilities](https://dev.twitch.tv/docs/v5/guides/irc/#twitch-specific-irc-capabilities)\n\n### Ongoing\n\n+ [ ] Offer more debug logging based on HTTP status codes\n',
21 silly publish   readmeFilename: 'README.md',
21 silly publish   gitHead: '81015b42f31467caddbe9b29e522e82a8e062ddf',
21 silly publish   _id: 'twitch-irc@1.0.0',
21 silly publish   _shasum: 'dd34f65fc0e67ea2d9adec0d0d064341ee53aa80',
21 silly publish   _from: '.' }
22 verbose getPublishConfig undefined
23 silly mapToRegistry name twitch-irc
24 silly mapToRegistry using default registry
25 silly mapToRegistry registry https://registry.npmjs.org/
26 silly mapToRegistry data Result {
26 silly mapToRegistry   raw: 'twitch-irc',
26 silly mapToRegistry   scope: null,
26 silly mapToRegistry   escapedName: 'twitch-irc',
26 silly mapToRegistry   name: 'twitch-irc',
26 silly mapToRegistry   rawSpec: '',
26 silly mapToRegistry   spec: 'latest',
26 silly mapToRegistry   type: 'tag' }
27 silly mapToRegistry uri https://registry.npmjs.org/twitch-irc
28 verbose publish registryBase https://registry.npmjs.org/
29 silly publish uploading /Users/israelflores/.npm/twitch-irc/1.0.0/package.tgz
30 verbose request uri https://registry.npmjs.org/twitch-irc
31 verbose request sending authorization for write operation
32 info attempt registry request try #1 at 3:01:40 PM
33 verbose request using bearer token for auth
34 verbose request id 2d79fbcc5dc2352b
35 http request PUT https://registry.npmjs.org/twitch-irc
36 http 403 https://registry.npmjs.org/twitch-irc
37 verbose headers { 'content-type': 'application/json',
37 verbose headers   'cache-control': 'max-age=300',
37 verbose headers   'content-length': '104',
37 verbose headers   'accept-ranges': 'bytes',
37 verbose headers   date: 'Thu, 11 May 2017 20:01:41 GMT',
37 verbose headers   via: '1.1 varnish',
37 verbose headers   connection: 'keep-alive',
37 verbose headers   'x-served-by': 'cache-dfw1825-DFW',
37 verbose headers   'x-cache': 'MISS',
37 verbose headers   'x-cache-hits': '0',
37 verbose headers   'x-timer': 'S1494532901.689446,VS0,VE350',
37 verbose headers   vary: 'Accept-Encoding' }
38 verbose request invalidating /Users/israelflores/.npm/registry.npmjs.org/twitch-irc on PUT
39 error publish Failed PUT 403
40 verbose stack Error: you do not have permission to publish "twitch-irc". Are you logged in as the correct user? : twitch-irc
40 verbose stack     at makeError (/usr/local/lib/node_modules/npm/node_modules/npm-registry-client/lib/request.js:302:12)
40 verbose stack     at CachingRegistryClient.<anonymous> (/usr/local/lib/node_modules/npm/node_modules/npm-registry-client/lib/request.js:290:14)
40 verbose stack     at Request._callback (/usr/local/lib/node_modules/npm/node_modules/npm-registry-client/lib/request.js:210:14)
40 verbose stack     at Request.self.callback (/usr/local/lib/node_modules/npm/node_modules/request/request.js:187:22)
40 verbose stack     at emitTwo (events.js:106:13)
40 verbose stack     at Request.emit (events.js:191:7)
40 verbose stack     at Request.<anonymous> (/usr/local/lib/node_modules/npm/node_modules/request/request.js:1048:10)
40 verbose stack     at emitOne (events.js:96:13)
40 verbose stack     at Request.emit (events.js:188:7)
40 verbose stack     at IncomingMessage.<anonymous> (/usr/local/lib/node_modules/npm/node_modules/request/request.js:969:12)
41 verbose statusCode 403
42 verbose pkgid twitch-irc
43 verbose cwd /Users/israelflores/Documents/twitch-irc
44 error Darwin 16.5.0
45 error argv "/usr/local/bin/node" "/usr/local/bin/npm" "publish"
46 error node v6.10.2
47 error npm  v3.10.10
48 error code E403
49 error you do not have permission to publish "twitch-irc". Are you logged in as the correct user? : twitch-irc
50 error If you need help, you may report this error at:
50 error     <https://github.com/npm/npm/issues>
51 verbose exit [ 1, true ]
